<?xml version="1.0" encoding="UTF-8"?>
<testng-results ignored="0" total="1" passed="1" failed="0" skipped="0">
  <reporter-output>
  </reporter-output>
  <suite started-at="2025-02-11T14:35:53 IST" name="Default suite" finished-at="2025-02-11T14:35:59 IST" duration-ms="6463">
    <groups>
    </groups>
    <test started-at="2025-02-11T14:35:53 IST" name="Default test" finished-at="2025-02-11T14:35:59 IST" duration-ms="6463">
      <class name="Module1_Login_Test.SwagLabLoginTest">
        <test-method is-config="true" signature="setup()[pri:0, instance:Module1_Login_Test.SwagLabLoginTest@74f5ce22]" started-at="2025-02-11T14:35:53 IST" name="setup" finished-at="2025-02-11T14:35:53 IST" duration-ms="21" status="PASS">
          <reporter-output>
          </reporter-output>
        </test-method> <!-- setup -->
        <test-method is-config="true" signature="openBrowser()[pri:0, instance:Module1_Login_Test.SwagLabLoginTest@74f5ce22]" started-at="2025-02-11T14:35:53 IST" name="openBrowser" finished-at="2025-02-11T14:35:55 IST" duration-ms="2713" status="PASS">
          <reporter-output>
          </reporter-output>
        </test-method> <!-- openBrowser -->
        <test-method signature="TestLogin()[pri:0, instance:Module1_Login_Test.SwagLabLoginTest@74f5ce22]" started-at="2025-02-11T14:35:55 IST" name="TestLogin" finished-at="2025-02-11T14:35:58 IST" duration-ms="2986" status="PASS">
          <reporter-output>
          </reporter-output>
        </test-method> <!-- TestLogin -->
        <test-method is-config="true" signature="captureResults(org.testng.ITestResult)[pri:0, instance:Module1_Login_Test.SwagLabLoginTest@74f5ce22]" started-at="2025-02-11T14:35:58 IST" name="captureResults" finished-at="2025-02-11T14:35:59 IST" duration-ms="390" status="PASS">
          <params>
            <param index="0">
              <value>
                <![CDATA[[TestResult name=TestLogin status=SUCCESS method=SwagLabLoginTest.TestLogin()[pri:0, instance:Module1_Login_Test.SwagLabLoginTest@74f5ce22] output={null}]]]>
              </value>
            </param>
          </params>
          <reporter-output>
          </reporter-output>
        </test-method> <!-- captureResults -->
        <test-method is-config="true" signature="closeBrowser()[pri:0, instance:Module1_Login_Test.SwagLabLoginTest@74f5ce22]" started-at="2025-02-11T14:35:59 IST" name="closeBrowser" finished-at="2025-02-11T14:35:59 IST" duration-ms="311" status="PASS">
          <reporter-output>
          </reporter-output>
        </test-method> <!-- closeBrowser -->
      </class> <!-- Module1_Login_Test.SwagLabLoginTest -->
    </test> <!-- Default test -->
  </suite> <!-- Default suite -->
</testng-results>
